Arguments: 
  /home/frossi/.nvm/versions/node/v16.18.1/bin/node /home/frossi/.nvm/versions/node/v16.18.1/bin/yarn add escpos qrcode ndarray usbadapter jsbarcode

PATH: 
  /home/frossi/.nvm/versions/node/v16.18.1/bin:/usr/local/bin:/usr/bin:/bin:/usr/local/games:/usr/games:/snap/bin

Yarn version: 
  1.22.19

Node version: 
  16.18.1

Platform: 
  linux x64

Trace: 
  Error: https://registry.yarnpkg.com/usbadapter: Not found
      at Request.params.callback [as _callback] (/home/frossi/.nvm/versions/node/v16.18.1/lib/node_modules/yarn/lib/cli.js:66145:18)
      at Request.self.callback (/home/frossi/.nvm/versions/node/v16.18.1/lib/node_modules/yarn/lib/cli.js:140890:22)
      at Request.emit (node:events:513:28)
      at Request.<anonymous> (/home/frossi/.nvm/versions/node/v16.18.1/lib/node_modules/yarn/lib/cli.js:141862:10)
      at Request.emit (node:events:513:28)
      at IncomingMessage.<anonymous> (/home/frossi/.nvm/versions/node/v16.18.1/lib/node_modules/yarn/lib/cli.js:141784:12)
      at Object.onceWrapper (node:events:627:28)
      at IncomingMessage.emit (node:events:525:35)
      at endReadableNT (node:internal/streams/readable:1358:12)
      at processTicksAndRejections (node:internal/process/task_queues:83:21)

npm manifest: 
  {
  	"name": "@oc/hardware",
  	"version": "1.0.0",
  	"main": "dist/hardware.js",
  	"repository": "git@gitlab.sistematis.com.ar:OC/ui/web/lib/hardware.git",
  	"author": "Fausto Rossi <frossi@tecnoazar.com.ar>",
  	"license": "MIT",
  	"scripts": {
  		"build": "NODE_ENV=production babel src --out-dir dist",
  		"prepublish": "yarn build"
  	},
  	"dependencies": {
  		"react": "^18.2.0"
  	},
  	"devDependencies": {
  		"babel-cli": "^6.26.0",
  		"babel-preset-env": "^1.7.0",
  		"babel-preset-react": "^6.24.1"
  	}
  }

yarn manifest: 
  No manifest

Lockfile: 
  # THIS IS AN AUTOGENERATED FILE. DO NOT EDIT THIS FILE DIRECTLY.
  # yarn lockfile v1
  
  
  "js-tokens@^3.0.0 || ^4.0.0":
    version "4.0.0"
    resolved "https://registry.yarnpkg.com/js-tokens/-/js-tokens-4.0.0.tgz#19203fb59991df98e3a287050d4647cdeaf32499"
    integrity sha512-RdJUflcE3cUzKiMqQgsCu06FPu9UdIJO0beYbPhHN4k6apgJtifcoCtT9bcxOpYBtpD2kCM6Sbzg4CausW/PKQ==
  
  loose-envify@^1.1.0:
    version "1.4.0"
    resolved "https://registry.yarnpkg.com/loose-envify/-/loose-envify-1.4.0.tgz#71ee51fa7be4caec1a63839f7e682d8132d30caf"
    integrity sha512-lyuxPGr/Wfhrlem2CL/UcnUc1zcqKAImBDzukY7Y5F/yQiNdko6+fRLevlw1HgMySw7f611UIY408EtxRSoK3Q==
    dependencies:
      js-tokens "^3.0.0 || ^4.0.0"
  
  react@^18.2.0:
    version "18.2.0"
    resolved "https://registry.yarnpkg.com/react/-/react-18.2.0.tgz#555bd98592883255fa00de14f1151a917b5d77d5"
    integrity sha512-/3IjMdb2L9QbBdWiW5e3P2/npwMBaU9mHCSCUzNln0ZCYbcfTsGbTJrU/kGemdH2IWmB2ioZ+zkxtmq6g09fGQ==
    dependencies:
      loose-envify "^1.1.0"
